# JRE version: Java(TM) SE Runtime Environment (17.0.4.1+1) (build 17.0.4.1+1-LTS-2)
# Java VM: Java HotSpot(TM) 64-Bit Server VM (17.0.4.1+1-LTS-2, mixed mode, sharing, tiered, compressed oops, compressed class ptrs, g1 gc, windows-amd64)
GC Precious Log:
 CPUs: 4 total, 4 available
 Memory: 8097M
 Large Page Support: Disabled
 NUMA Support: Disabled
 Compressed Oops: Enabled (32-bit)
 Heap Region Size: 1M
 Heap Min Capacity: 8M
 Heap Initial Capacity: 128M
 Heap Max Capacity: 2026M
 Pre-touch: Disabled
 Parallel Workers: 4
 Concurrent Workers: 1
 Concurrent Refinement Workers: 4
 Periodic GC: Disabled
Heap:
 garbage-first heap   total 68608K, used 39356K [0x0000000081600000, 0x0000000100000000)
  region size 1024K, 24 young (24576K), 2 survivors (2048K)
 Metaspace       used 26800K, committed 27136K, reserved 1073152K
  class space    used 3096K, committed 3264K, reserved 1048576K
GC Heap History (20 events):
Event: 31.791 GC heap before
{Heap before GC invocations=5 (full 0):
 garbage-first heap   total 68608K, used 49530K [0x0000000081600000, 0x0000000100000000)
  region size 1024K, 40 young (40960K), 8 survivors (8192K)
 Metaspace       used 24366K, committed 24576K, reserved 1073152K
  class space    used 2932K, committed 3008K, reserved 1048576K
}
Event: 31.820 GC heap after
{Heap after GC invocations=6 (full 0):
 garbage-first heap   total 68608K, used 18496K [0x0000000081600000, 0x0000000100000000)
  region size 1024K, 2 young (2048K), 2 survivors (2048K)
 Metaspace       used 24366K, committed 24576K, reserved 1073152K
  class space    used 2932K, committed 3008K, reserved 1048576K
}
Event: 48.374 GC heap before
{Heap before GC invocations=6 (full 0):
 garbage-first heap   total 68608K, used 47168K [0x0000000081600000, 0x0000000100000000)
  region size 1024K, 30 young (30720K), 2 survivors (2048K)
 Metaspace       used 24629K, committed 24832K, reserved 1073152K
  class space    used 2933K, committed 3008K, reserved 1048576K
}
Event: 48.379 GC heap after
{Heap after GC invocations=7 (full 0):
 garbage-first heap   total 68608K, used 17708K [0x0000000081600000, 0x0000000100000000)
  region size 1024K, 2 young (2048K), 2 survivors (2048K)
 Metaspace       used 24629K, committed 24832K, reserved 1073152K
  class space    used 2933K, committed 3008K, reserved 1048576K
}
Event: 67.327 GC heap before
{Heap before GC invocations=7 (full 0):
 garbage-first heap   total 68608K, used 49452K [0x0000000081600000, 0x0000000100000000)
  region size 1024K, 33 young (33792K), 2 survivors (2048K)
 Metaspace       used 24936K, committed 25152K, reserved 1073152K
  class space    used 2933K, committed 3008K, reserved 1048576K
}
Event: 67.332 GC heap after
{Heap after GC invocations=8 (full 0):
 garbage-first heap   total 68608K, used 17766K [0x0000000081600000, 0x0000000100000000)
  region size 1024K, 2 young (2048K), 2 survivors (2048K)
 Metaspace       used 24936K, committed 25152K, reserved 1073152K
  class space    used 2933K, committed 3008K, reserved 1048576K
}
Event: 139.188 GC heap before
{Heap before GC invocations=8 (full 0):
 garbage-first heap   total 68608K, used 51558K [0x0000000081600000, 0x0000000100000000)
  region size 1024K, 35 young (35840K), 2 survivors (2048K)
 Metaspace       used 25077K, committed 25280K, reserved 1073152K
  class space    used 2933K, committed 3008K, reserved 1048576K
}
Event: 139.194 GC heap after
{Heap after GC invocations=9 (full 0):
 garbage-first heap   total 68608K, used 17849K [0x0000000081600000, 0x0000000100000000)
  region size 1024K, 2 young (2048K), 2 survivors (2048K)
 Metaspace       used 25077K, committed 25280K, reserved 1073152K
  class space    used 2933K, committed 3008K, reserved 1048576K
}
Event: 212.316 GC heap before
{Heap before GC invocations=9 (full 0):
 garbage-first heap   total 68608K, used 53689K [0x0000000081600000, 0x0000000100000000)
  region size 1024K, 37 young (37888K), 2 survivors (2048K)
 Metaspace       used 25187K, committed 25408K, reserved 1073152K
  class space    used 2937K, committed 3008K, reserved 1048576K
}
Event: 212.354 GC heap after
{Heap after GC invocations=10 (full 0):
 garbage-first heap   total 68608K, used 17844K [0x0000000081600000, 0x0000000100000000)
  region size 1024K, 2 young (2048K), 2 survivors (2048K)
 Metaspace       used 25187K, committed 25408K, reserved 1073152K
  class space    used 2937K, committed 3008K, reserved 1048576K
}
Event: 248.165 GC heap before
{Heap before GC invocations=10 (full 0):
 garbage-first heap   total 68608K, used 54708K [0x0000000081600000, 0x0000000100000000)
  region size 1024K, 38 young (38912K), 2 survivors (2048K)
 Metaspace       used 25266K, committed 25472K, reserved 1073152K
  class space    used 2937K, committed 3008K, reserved 1048576K
}
Event: 248.183 GC heap after
{Heap after GC invocations=11 (full 0):
 garbage-first heap   total 68608K, used 17845K [0x0000000081600000, 0x0000000100000000)
  region size 1024K, 2 young (2048K), 2 survivors (2048K)
 Metaspace       used 25266K, committed 25472K, reserved 1073152K
  class space    used 2937K, committed 3008K, reserved 1048576K
}
Event: 314.903 GC heap before
{Heap before GC invocations=11 (full 0):
 garbage-first heap   total 68608K, used 55733K [0x0000000081600000, 0x0000000100000000)
  region size 1024K, 39 young (39936K), 2 survivors (2048K)
 Metaspace       used 25327K, committed 25536K, reserved 1073152K
  class space    used 2938K, committed 3008K, reserved 1048576K
}
Event: 314.915 GC heap after
{Heap after GC invocations=12 (full 0):
 garbage-first heap   total 68608K, used 17723K [0x0000000081600000, 0x0000000100000000)
  region size 1024K, 2 young (2048K), 2 survivors (2048K)
 Metaspace       used 25327K, committed 25536K, reserved 1073152K
  class space    used 2938K, committed 3008K, reserved 1048576K
}
Event: 335.429 GC heap before
{Heap before GC invocations=12 (full 0):
 garbage-first heap   total 68608K, used 55611K [0x0000000081600000, 0x0000000100000000)
  region size 1024K, 39 young (39936K), 2 survivors (2048K)
 Metaspace       used 25399K, committed 25600K, reserved 1073152K
  class space    used 2938K, committed 3008K, reserved 1048576K
}
Event: 335.453 GC heap after
{Heap after GC invocations=13 (full 0):
 garbage-first heap   total 68608K, used 17862K [0x0000000081600000, 0x0000000100000000)
  region size 1024K, 2 young (2048K), 2 survivors (2048K)
 Metaspace       used 25399K, committed 25600K, reserved 1073152K
  class space    used 2938K, committed 3008K, reserved 1048576K
}
Event: 357.658 GC heap before
{Heap before GC invocations=13 (full 0):
 garbage-first heap   total 68608K, used 56774K [0x0000000081600000, 0x0000000100000000)
  region size 1024K, 40 young (40960K), 2 survivors (2048K)
 Metaspace       used 25482K, committed 25664K, reserved 1073152K
  class space    used 2939K, committed 3008K, reserved 1048576K
}
Event: 357.679 GC heap after
{Heap after GC invocations=14 (full 0):
 garbage-first heap   total 68608K, used 17860K [0x0000000081600000, 0x0000000100000000)
  region size 1024K, 2 young (2048K), 2 survivors (2048K)
 Metaspace       used 25482K, committed 25664K, reserved 1073152K
  class space    used 2939K, committed 3008K, reserved 1048576K
}
Event: 379.875 GC heap before
{Heap before GC invocations=14 (full 0):
 garbage-first heap   total 68608K, used 56772K [0x0000000081600000, 0x0000000100000000)
  region size 1024K, 40 young (40960K), 2 survivors (2048K)
 Metaspace       used 25520K, committed 25728K, reserved 1073152K
  class space    used 2939K, committed 3008K, reserved 1048576K
}
Event: 379.889 GC heap after
{Heap after GC invocations=15 (full 0):
 garbage-first heap   total 68608K, used 17852K [0x0000000081600000, 0x0000000100000000)
  region size 1024K, 2 young (2048K), 2 survivors (2048K)
 Metaspace       used 25520K, committed 25728K, reserved 1073152K
  class space    used 2939K, committed 3008K, reserved 1048576K
}

