# JRE version: Java(TM) SE Runtime Environment (17.0.4.1+1) (build 17.0.4.1+1-LTS-2)
# Java VM: Java HotSpot(TM) 64-Bit Server VM (17.0.4.1+1-LTS-2, mixed mode, sharing, tiered, compressed oops, compressed class ptrs, g1 gc, windows-amd64)
GC Precious Log:
 CPUs: 4 total, 4 available
 Memory: 8097M
 Large Page Support: Disabled
 NUMA Support: Disabled
 Compressed Oops: Enabled (32-bit)
 Heap Region Size: 1M
 Heap Min Capacity: 8M
 Heap Initial Capacity: 128M
 Heap Max Capacity: 2026M
 Pre-touch: Disabled
 Parallel Workers: 4
 Concurrent Workers: 1
 Concurrent Refinement Workers: 4
 Periodic GC: Disabled
Heap:
 garbage-first heap   total 68608K, used 22441K [0x0000000081600000, 0x0000000100000000)
  region size 1024K, 7 young (7168K), 2 survivors (2048K)
 Metaspace       used 25192K, committed 25344K, reserved 1073152K
  class space    used 2937K, committed 3008K, reserved 1048576K
GC Heap History (18 events):
Event: 2.162 GC heap before
{Heap before GC invocations=0 (full 0):
 garbage-first heap   total 131072K, used 15360K [0x0000000081600000, 0x0000000100000000)
  region size 1024K, 13 young (13312K), 0 survivors (0K)
 Metaspace       used 2520K, committed 2688K, reserved 1056768K
  class space    used 244K, committed 320K, reserved 1048576K
}
Event: 2.177 GC heap after
{Heap after GC invocations=1 (full 0):
 garbage-first heap   total 131072K, used 9548K [0x0000000081600000, 0x0000000100000000)
  region size 1024K, 2 young (2048K), 2 survivors (2048K)
 Metaspace       used 2520K, committed 2688K, reserved 1056768K
  class space    used 244K, committed 320K, reserved 1048576K
}
Event: 2.821 GC heap before
{Heap before GC invocations=1 (full 0):
 garbage-first heap   total 131072K, used 18764K [0x0000000081600000, 0x0000000100000000)
  region size 1024K, 11 young (11264K), 2 survivors (2048K)
 Metaspace       used 4644K, committed 4800K, reserved 1056768K
  class space    used 583K, committed 640K, reserved 1048576K
}
Event: 2.826 GC heap after
{Heap after GC invocations=2 (full 0):
 garbage-first heap   total 131072K, used 10511K [0x0000000081600000, 0x0000000100000000)
  region size 1024K, 1 young (1024K), 1 survivors (1024K)
 Metaspace       used 4644K, committed 4800K, reserved 1056768K
  class space    used 583K, committed 640K, reserved 1048576K
}
Event: 4.358 GC heap before
{Heap before GC invocations=2 (full 0):
 garbage-first heap   total 131072K, used 34063K [0x0000000081600000, 0x0000000100000000)
  region size 1024K, 24 young (24576K), 1 survivors (1024K)
 Metaspace       used 10271K, committed 10496K, reserved 1064960K
  class space    used 1279K, committed 1408K, reserved 1048576K
}
Event: 4.365 GC heap after
{Heap after GC invocations=3 (full 0):
 garbage-first heap   total 131072K, used 12890K [0x0000000081600000, 0x0000000100000000)
  region size 1024K, 3 young (3072K), 3 survivors (3072K)
 Metaspace       used 10271K, committed 10496K, reserved 1064960K
  class space    used 1279K, committed 1408K, reserved 1048576K
}
Event: 16.333 GC heap before
{Heap before GC invocations=3 (full 0):
 garbage-first heap   total 131072K, used 73306K [0x0000000081600000, 0x0000000100000000)
  region size 1024K, 63 young (64512K), 3 survivors (3072K)
 Metaspace       used 21306K, committed 21504K, reserved 1073152K
  class space    used 2644K, committed 2752K, reserved 1048576K
}
Event: 16.353 GC heap after
{Heap after GC invocations=4 (full 0):
 garbage-first heap   total 131072K, used 17223K [0x0000000081600000, 0x0000000100000000)
  region size 1024K, 8 young (8192K), 8 survivors (8192K)
 Metaspace       used 21306K, committed 21504K, reserved 1073152K
  class space    used 2644K, committed 2752K, reserved 1048576K
}
Event: 48.381 GC heap before
{Heap before GC invocations=5 (full 0):
 garbage-first heap   total 68608K, used 49991K [0x0000000081600000, 0x0000000100000000)
  region size 1024K, 40 young (40960K), 8 survivors (8192K)
 Metaspace       used 24351K, committed 24512K, reserved 1073152K
  class space    used 2932K, committed 3008K, reserved 1048576K
}
Event: 48.406 GC heap after
{Heap after GC invocations=6 (full 0):
 garbage-first heap   total 68608K, used 19004K [0x0000000081600000, 0x0000000100000000)
  region size 1024K, 2 young (2048K), 2 survivors (2048K)
 Metaspace       used 24351K, committed 24512K, reserved 1073152K
  class space    used 2932K, committed 3008K, reserved 1048576K
}
Event: 66.538 GC heap before
{Heap before GC invocations=6 (full 0):
 garbage-first heap   total 68608K, used 47676K [0x0000000081600000, 0x0000000100000000)
  region size 1024K, 30 young (30720K), 2 survivors (2048K)
 Metaspace       used 24620K, committed 24832K, reserved 1073152K
  class space    used 2933K, committed 3008K, reserved 1048576K
}
Event: 66.542 GC heap after
{Heap after GC invocations=7 (full 0):
 garbage-first heap   total 68608K, used 18452K [0x0000000081600000, 0x0000000100000000)
  region size 1024K, 2 young (2048K), 2 survivors (2048K)
 Metaspace       used 24620K, committed 24832K, reserved 1073152K
  class space    used 2933K, committed 3008K, reserved 1048576K
}
Event: 88.003 GC heap before
{Heap before GC invocations=7 (full 0):
 garbage-first heap   total 68608K, used 50196K [0x0000000081600000, 0x0000000100000000)
  region size 1024K, 33 young (33792K), 2 survivors (2048K)
 Metaspace       used 24926K, committed 25152K, reserved 1073152K
  class space    used 2933K, committed 3008K, reserved 1048576K
}
Event: 88.007 GC heap after
{Heap after GC invocations=8 (full 0):
 garbage-first heap   total 68608K, used 18275K [0x0000000081600000, 0x0000000100000000)
  region size 1024K, 2 young (2048K), 2 survivors (2048K)
 Metaspace       used 24926K, committed 25152K, reserved 1073152K
  class space    used 2933K, committed 3008K, reserved 1048576K
}
Event: 111.948 GC heap before
{Heap before GC invocations=8 (full 0):
 garbage-first heap   total 68608K, used 52067K [0x0000000081600000, 0x0000000100000000)
  region size 1024K, 35 young (35840K), 2 survivors (2048K)
 Metaspace       used 25092K, committed 25280K, reserved 1073152K
  class space    used 2933K, committed 3008K, reserved 1048576K
}
Event: 111.953 GC heap after
{Heap after GC invocations=9 (full 0):
 garbage-first heap   total 68608K, used 18362K [0x0000000081600000, 0x0000000100000000)
  region size 1024K, 2 young (2048K), 2 survivors (2048K)
 Metaspace       used 25092K, committed 25280K, reserved 1073152K
  class space    used 2933K, committed 3008K, reserved 1048576K
}
Event: 135.634 GC heap before
{Heap before GC invocations=9 (full 0):
 garbage-first heap   total 68608K, used 53178K [0x0000000081600000, 0x0000000100000000)
  region size 1024K, 36 young (36864K), 2 survivors (2048K)
 Metaspace       used 25135K, committed 25344K, reserved 1073152K
  class space    used 2934K, committed 3008K, reserved 1048576K
}
Event: 135.638 GC heap after
{Heap after GC invocations=10 (full 0):
 garbage-first heap   total 68608K, used 18345K [0x0000000081600000, 0x0000000100000000)
  region size 1024K, 2 young (2048K), 2 survivors (2048K)
 Metaspace       used 25135K, committed 25344K, reserved 1073152K
  class space    used 2934K, committed 3008K, reserved 1048576K
}

